--- Copying files at Fri Mar 18 11:34:10 UTC 2022
INSTALLED plugins/ace-editor.jpi : 1.1
INSTALLED plugins/antisamy-markup-formatter.jpi : 2.7
INSTALLED plugins/apache-httpcomponents-client-4-api.jpi : 4.5.13-1.0
INSTALLED plugins/authentication-tokens.jpi : 1.4
INSTALLED plugins/blueocean-autofavorite.jpi : 1.2.5
INSTALLED plugins/blueocean-bitbucket-pipeline.jpi : 1.25.3
INSTALLED plugins/blueocean-commons.jpi : 1.25.3
INSTALLED plugins/blueocean-config.jpi : 1.25.3
INSTALLED plugins/blueocean-core-js.jpi : 1.25.3
INSTALLED plugins/blueocean-dashboard.jpi : 1.25.3
INSTALLED plugins/blueocean-display-url.jpi : 2.4.1
INSTALLED plugins/blueocean-events.jpi : 1.25.3
INSTALLED plugins/blueocean-git-pipeline.jpi : 1.25.3
INSTALLED plugins/blueocean-github-pipeline.jpi : 1.25.3
INSTALLED plugins/blueocean-i18n.jpi : 1.25.3
INSTALLED plugins/blueocean-jwt.jpi : 1.25.3
INSTALLED plugins/blueocean-personalization.jpi : 1.25.3
INSTALLED plugins/blueocean-pipeline-api-impl.jpi : 1.25.3
INSTALLED plugins/blueocean-pipeline-editor.jpi : 1.25.3
INSTALLED plugins/blueocean-pipeline-scm-api.jpi : 1.25.3
INSTALLED plugins/blueocean-rest-impl.jpi : 1.25.3
INSTALLED plugins/blueocean-rest.jpi : 1.25.3
INSTALLED plugins/blueocean-web.jpi : 1.25.3
INSTALLED plugins/blueocean.jpi : 1.25.3
INSTALLED plugins/bootstrap4-api.jpi : 4.6.0-3
INSTALLED plugins/bootstrap5-api.jpi : 5.1.3-6
INSTALLED plugins/branch-api.jpi : 2.7.0
INSTALLED plugins/caffeine-api.jpi : 2.9.2-29.v717aac953ff3
INSTALLED plugins/checks-api.jpi : 1.7.2
INSTALLED plugins/cloudbees-bitbucket-branch-source.jpi : 757.vddedc5f2589a_
INSTALLED plugins/cloudbees-folder.jpi : 6.708.ve61636eb_65a_5
INSTALLED plugins/credentials-binding.jpi : 1.27.1
INSTALLED plugins/credentials.jpi : 1074.v60e6c29b_b_44b_
INSTALLED plugins/display-url-api.jpi : 2.3.5
INSTALLED plugins/durable-task.jpi : 493.v195aefbb0ff2
INSTALLED plugins/echarts-api.jpi : 5.3.0-2
INSTALLED plugins/favorite.jpi : 2.4.1
INSTALLED plugins/font-awesome-api.jpi : 6.0.0-1
INSTALLED plugins/git-client.jpi : 3.11.0
INSTALLED plugins/git-server.jpi : 1.10
INSTALLED plugins/git.jpi : 4.10.3
INSTALLED plugins/github-api.jpi : 1.301-378.v9807bd746da5
INSTALLED plugins/github-branch-source.jpi : 1583.v18d333ef7379
INSTALLED plugins/github.jpi : 1.34.3
INSTALLED plugins/handy-uri-templates-2-api.jpi : 2.1.8-1.0
INSTALLED plugins/htmlpublisher.jpi : 1.29
INSTALLED plugins/jackson2-api.jpi : 2.13.2-260.v43d711474c77
INSTALLED plugins/javax-activation-api.jpi : 1.2.0-2
INSTALLED plugins/javax-mail-api.jpi : 1.6.2-5
INSTALLED plugins/jenkins-design-language.jpi : 1.25.3
INSTALLED plugins/jjwt-api.jpi : 0.11.2-9.c8b45b8bb173
INSTALLED plugins/jquery3-api.jpi : 3.6.0-2
INSTALLED plugins/jsch.jpi : 0.1.55.2
INSTALLED plugins/junit.jpi : 1.56
INSTALLED plugins/mailer.jpi : 408.vd726a_1130320
INSTALLED plugins/matrix-auth.jpi : 3.1
INSTALLED plugins/matrix-project.jpi : 758.v7a_ea_491852f3
INSTALLED plugins/okhttp-api.jpi : 4.9.3-105.vb96869f8ac3a
INSTALLED plugins/pipeline-build-step.jpi : 2.16
INSTALLED plugins/pipeline-graph-analysis.jpi : 188.v3a01e7973f2c
INSTALLED plugins/pipeline-input-step.jpi : 446.vf27b_0b_83500e
INSTALLED plugins/pipeline-milestone-step.jpi : 100.v60a_03cd446e1
INSTALLED plugins/pipeline-model-api.jpi : 2.2064.v5eef7d0982b_e
INSTALLED plugins/pipeline-model-definition.jpi : 2.2064.v5eef7d0982b_e
INSTALLED plugins/pipeline-model-extensions.jpi : 2.2064.v5eef7d0982b_e
INSTALLED plugins/pipeline-stage-step.jpi : 291.vf0a8a7aeeb50
INSTALLED plugins/pipeline-stage-tags-metadata.jpi : 2.2064.v5eef7d0982b_e
INSTALLED plugins/plain-credentials.jpi : 1.8
INSTALLED plugins/plugin-util-api.jpi : 2.14.0
INSTALLED plugins/popper-api.jpi : 1.16.1-2
INSTALLED plugins/popper2-api.jpi : 2.11.4-1
INSTALLED plugins/pubsub-light.jpi : 1.16
INSTALLED plugins/scm-api.jpi : 595.vd5a_df5eb_0e39
INSTALLED plugins/script-security.jpi : 1140.vf967fb_efa_55a_
INSTALLED plugins/snakeyaml-api.jpi : 1.29.1
INSTALLED plugins/sse-gateway.jpi : 1.25
INSTALLED plugins/ssh-credentials.jpi : 1.19
INSTALLED plugins/sshd.jpi : 3.1.0
INSTALLED plugins/structs.jpi : 308.v852b473a2b8c
INSTALLED plugins/token-macro.jpi : 280.v97a_82642793c
INSTALLED plugins/trilead-api.jpi : 1.0.13
INSTALLED plugins/variant.jpi : 1.4
INSTALLED plugins/workflow-api.jpi : 1143.v2d42f1e9dea_5
INSTALLED plugins/workflow-basic-steps.jpi : 941.vdfe1b_a_132c64
INSTALLED plugins/workflow-cps-global-lib.jpi : 564.ve62a_4eb_b_e039
INSTALLED plugins/workflow-cps.jpi : 2660.vb_c0412dc4e6d
INSTALLED plugins/workflow-durable-task-step.jpi : 1121.va_65b_d2701486
INSTALLED plugins/workflow-job.jpi : 1174.vdcb_d054cf74a_
INSTALLED plugins/workflow-multibranch.jpi : 711.vdfef37cda_816
INSTALLED plugins/workflow-scm-step.jpi : 2.13
INSTALLED plugins/workflow-step-api.jpi : 622.vb_8e7c15b_c95a_
INSTALLED plugins/workflow-support.jpi : 815.vd60466279fc8
